hananfinal3/app/build/intermediates/manifest_merge_blame_file/debug/manifest-merger-blame-debug-report.txt
1<?xml version="1.0" encoding="utf-8"?>
2<manifest xmlns:android="http://schemas.android.com/apk/res/android"
3    package="com.hananfinal2"
4    android:versionCode="1"
5    android:versionName="1.0" >
6
7    <uses-sdk
8        android:minSdkVersion="27"
9        android:targetSdkVersion="34" />
10
11    <uses-permission android:name="android.permission.POST_NOTIFICATIONS" />
11-->src\main\AndroidManifest.xml:5:5-77
11-->src\main\AndroidManifest.xml:5:22-74
12
13    <permission
13-->[androidx.core:core:1.13.0] AndroidManifest.xml:22:5-24:47
14        android:name="com.hananfinal2.DYNAMIC_RECEIVER_NOT_EXPORTED_PERMISSION"
14-->[androidx.core:core:1.13.0] AndroidManifest.xml:23:9-81
15        android:protectionLevel="signature" />
15-->[androidx.core:core:1.13.0] AndroidManifest.xml:24:9-44
16
17    <uses-permission android:name="com.hananfinal2.DYNAMIC_RECEIVER_NOT_EXPORTED_PERMISSION" />
17-->[androidx.core:core:1.13.0] AndroidManifest.xml:26:5-97
17-->[androidx.core:core:1.13.0] AndroidManifest.xml:26:22-94
18
19    <application
19-->src\main\AndroidManifest.xml:6:5-26:19
20        android:allowBackup="true"
20-->src\main\AndroidManifest.xml:7:9-35
21        android:appComponentFactory="androidx.core.app.CoreComponentFactory"
21-->[androidx.core:core:1.13.0] AndroidManifest.xml:28:18-86
22        android:dataExtractionRules="@xml/data_extraction_rules"
22-->src\main\AndroidManifest.xml:8:9-65
23        android:debuggable="true"
24        android:extractNativeLibs="false"
25        android:fullBackupContent="@xml/backup_rules"
25-->src\main\AndroidManifest.xml:9:9-54
26        android:icon="@mipmap/ic_launcher"
26-->src\main\AndroidManifest.xml:10:9-43
27        android:label="@string/app_name"
27-->src\main\AndroidManifest.xml:11:9-41
28        android:roundIcon="@mipmap/ic_launcher_round"
28-->src\main\AndroidManifest.xml:12:9-54
29        android:supportsRtl="true"
29-->src\main\AndroidManifest.xml:13:9-35
30        android:testOnly="true"
31        android:theme="@style/Theme.AppCompat" >
31-->src\main\AndroidManifest.xml:14:9-47
32        <receiver
32-->src\main\AndroidManifest.xml:16:9-75
33            android:name="com.hananfinal2.AlarmReceiver"
33-->src\main\AndroidManifest.xml:16:19-48
34            android:exported="true" />
34-->src\main\AndroidManifest.xml:16:49-72
35
36        <activity
36-->src\main\AndroidManifest.xml:17:9-25:20
37            android:name="com.hananfinal2.MainActivity"
37-->src\main\AndroidManifest.xml:18:13-41
38            android:exported="true" >
38-->src\main\AndroidManifest.xml:19:13-36
39            <intent-filter>
39-->src\main\AndroidManifest.xml:20:13-24:29
40                <action android:name="android.intent.action.MAIN" />
40-->src\main\AndroidManifest.xml:21:17-69
40-->src\main\AndroidManifest.xml:21:25-66
41
42                <category android:name="android.intent.category.LAUNCHER" />
42-->src\main\AndroidManifest.xml:23:17-77
42-->src\main\AndroidManifest.xml:23:27-74
43            </intent-filter>
44        </activity>
45
46        <provider
46-->[androidx.emoji2:emoji2:1.3.0] AndroidManifest.xml:24:9-32:20
47            android:name="androidx.startup.InitializationProvider"
47-->[androidx.emoji2:emoji2:1.3.0] AndroidManifest.xml:25:13-67
48            android:authorities="com.hananfinal2.androidx-startup"
48-->[androidx.emoji2:emoji2:1.3.0] AndroidManifest.xml:26:13-68
49            android:exported="false" >
49-->[androidx.emoji2:emoji2:1.3.0] AndroidManifest.xml:27:13-37
50            <meta-data
50-->[androidx.emoji2:emoji2:1.3.0] AndroidManifest.xml:29:13-31:52
51                android:name="androidx.emoji2.text.EmojiCompatInitializer"
51-->[androidx.emoji2:emoji2:1.3.0] AndroidManifest.xml:30:17-75
52                android:value="androidx.startup" />
52-->[androidx.emoji2:emoji2:1.3.0] AndroidManifest.xml:31:17-49
53            <meta-data
53-->[androidx.lifecycle:lifecycle-process:2.6.2] AndroidManifest.xml:29:13-31:52
54                android:name="androidx.lifecycle.ProcessLifecycleInitializer"
54-->[androidx.lifecycle:lifecycle-process:2.6.2] AndroidManifest.xml:30:17-78
55                android:value="androidx.startup" />
55-->[androidx.lifecycle:lifecycle-process:2.6.2] AndroidManifest.xml:31:17-49
56            <meta-data
56-->[androidx.profileinstaller:profileinstaller:1.4.0] AndroidManifest.xml:29:13-31:52
57                android:name="androidx.profileinstaller.ProfileInstallerInitializer"
57-->[androidx.profileinstaller:profileinstaller:1.4.0] AndroidManifest.xml:30:17-85
58                android:value="androidx.startup" />
58-->[androidx.profileinstaller:profileinstaller:1.4.0] AndroidManifest.xml:31:17-49
59        </provider>
60
61        <uses-library
61-->[androidx.window:window:1.0.0] AndroidManifest.xml:25:9-27:40
62            android:name="androidx.window.extensions"
62-->[androidx.window:window:1.0.0] AndroidManifest.xml:26:13-54
63            android:required="false" />
63-->[androidx.window:window:1.0.0] AndroidManifest.xml:27:13-37
64        <uses-library
64-->[androidx.window:window:1.0.0] AndroidManifest.xml:28:9-30:40
65            android:name="androidx.window.sidecar"
65-->[androidx.window:window:1.0.0] AndroidManifest.xml:29:13-51
66            android:required="false" />
66-->[androidx.window:window:1.0.0] AndroidManifest.xml:30:13-37
67
68        <receiver
68-->[androidx.profileinstaller:profileinstaller:1.4.0] AndroidManifest.xml:34:9-52:20
69            android:name="androidx.profileinstaller.ProfileInstallReceiver"
69-->[androidx.profileinstaller:profileinstaller:1.4.0] AndroidManifest.xml:35:13-76
70            android:directBootAware="false"
70-->[androidx.profileinstaller:profileinstaller:1.4.0] AndroidManifest.xml:36:13-44
71            android:enabled="true"
71-->[androidx.profileinstaller:profileinstaller:1.4.0] AndroidManifest.xml:37:13-35
72            android:exported="true"
72-->[androidx.profileinstaller:profileinstaller:1.4.0] AndroidManifest.xml:38:13-36
73            android:permission="android.permission.DUMP" >
73-->[androidx.profileinstaller:profileinstaller:1.4.0] AndroidManifest.xml:39:13-57
74            <intent-filter>
74-->[androidx.profileinstaller:profileinstaller:1.4.0] AndroidManifest.xml:40:13-42:29
75                <action android:name="androidx.profileinstaller.action.INSTALL_PROFILE" />
75-->[androidx.profileinstaller:profileinstaller:1.4.0] AndroidManifest.xml:41:17-91
75-->[androidx.profileinstaller:profileinstaller:1.4.0] AndroidManifest.xml:41:25-88
76            </intent-filter>
77            <intent-filter>
77-->[androidx.profileinstaller:profileinstaller:1.4.0] AndroidManifest.xml:43:13-45:29
78                <action android:name="androidx.profileinstaller.action.SKIP_FILE" />
78-->[androidx.profileinstaller:profileinstaller:1.4.0] AndroidManifest.xml:44:17-85
78-->[androidx.profileinstaller:profileinstaller:1.4.0] AndroidManifest.xml:44:25-82
79            </intent-filter>
80            <intent-filter>
80-->[androidx.profileinstaller:profileinstaller:1.4.0] AndroidManifest.xml:46:13-48:29
81                <action android:name="androidx.profileinstaller.action.SAVE_PROFILE" />
81-->[androidx.profileinstaller:profileinstaller:1.4.0] AndroidManifest.xml:47:17-88
81-->[androidx.profileinstaller:profileinstaller:1.4.0] AndroidManifest.xml:47:25-85
82            </intent-filter>
83            <intent-filter>
83-->[androidx.profileinstaller:profileinstaller:1.4.0] AndroidManifest.xml:49:13-51:29
84                <action android:name="androidx.profileinstaller.action.BENCHMARK_OPERATION" />
84-->[androidx.profileinstaller:profileinstaller:1.4.0] AndroidManifest.xml:50:17-95
84-->[androidx.profileinstaller:profileinstaller:1.4.0] AndroidManifest.xml:50:25-92
85            </intent-filter>
86        </receiver>
87    </application>
88
89</manifest>